# JRE version: OpenJDK Runtime Environment (8.0_151-b12) (build 1.8.0_151-8u151-b12-0ubuntu0.16.04.2-b12)
# Java VM: OpenJDK 64-Bit Server VM (25.151-b12 mixed mode linux-amd64 compressed oops)
Heap:
 PSYoungGen      total 55296K, used 6646K [0x00000000f0580000, 0x00000000f4280000, 0x0000000100000000)
  eden space 48640K, 0% used [0x00000000f0580000,0x00000000f0580000,0x00000000f3500000)
  from space 6656K, 99% used [0x00000000f3500000,0x00000000f3b7d808,0x00000000f3b80000)
  to   space 6144K, 0% used [0x00000000f3b80000,0x00000000f3b80000,0x00000000f4180000)
 ParOldGen       total 32768K, used 9083K [0x00000000d1000000, 0x00000000d3000000, 0x00000000f0580000)
  object space 32768K, 27% used [0x00000000d1000000,0x00000000d18defe0,0x00000000d3000000)
 Metaspace       used 20678K, capacity 20960K, committed 21120K, reserved 1067008K
  class space    used 2786K, capacity 2869K, committed 2944K, reserved 1048576K
GC Heap History (10 events):
Event: 0.768 GC heap after
Heap after GC invocations=2 (full 0):
 PSYoungGen      total 14336K, used 2031K [0x00000000f0580000, 0x00000000f2180000, 0x0000000100000000)
  eden space 12288K, 0% used [0x00000000f0580000,0x00000000f0580000,0x00000000f1180000)
  from space 2048K, 99% used [0x00000000f1380000,0x00000000f157bc68,0x00000000f1580000)
  to   space 2048K, 0% used [0x00000000f1180000,0x00000000f1180000,0x00000000f1380000)
 ParOldGen       total 32768K, used 1501K [0x00000000d1000000, 0x00000000d3000000, 0x00000000f0580000)
  object space 32768K, 4% used [0x00000000d1000000,0x00000000d1177558,0x00000000d3000000)
 Metaspace       used 7178K, capacity 7352K, committed 7424K, reserved 1056768K
  class space    used 924K, capacity 984K, committed 1024K, reserved 1048576K
}
Event: 0.986 GC heap before
{Heap before GC invocations=3 (full 0):
 PSYoungGen      total 14336K, used 14319K [0x00000000f0580000, 0x00000000f2180000, 0x0000000100000000)
  eden space 12288K, 100% used [0x00000000f0580000,0x00000000f1180000,0x00000000f1180000)
  from space 2048K, 99% used [0x00000000f1380000,0x00000000f157bc68,0x00000000f1580000)
  to   space 2048K, 0% used [0x00000000f1180000,0x00000000f1180000,0x00000000f1380000)
 ParOldGen       total 32768K, used 1501K [0x00000000d1000000, 0x00000000d3000000, 0x00000000f0580000)
  object space 32768K, 4% used [0x00000000d1000000,0x00000000d1177558,0x00000000d3000000)
 Metaspace       used 7449K, capacity 7664K, committed 7680K, reserved 1056768K
  class space    used 961K, capacity 1024K, committed 1024K, reserved 1048576K
Event: 0.990 GC heap after
Heap after GC invocations=3 (full 0):
 PSYoungGen      total 14336K, used 2032K [0x00000000f0580000, 0x00000000f2180000, 0x0000000100000000)
  eden space 12288K, 0% used [0x00000000f0580000,0x00000000f0580000,0x00000000f1180000)
  from space 2048K, 99% used [0x00000000f1180000,0x00000000f137c050,0x00000000f1380000)
  to   space 2048K, 0% used [0x00000000f1f80000,0x00000000f1f80000,0x00000000f2180000)
 ParOldGen       total 32768K, used 2120K [0x00000000d1000000, 0x00000000d3000000, 0x00000000f0580000)
  object space 32768K, 6% used [0x00000000d1000000,0x00000000d1212280,0x00000000d3000000)
 Metaspace       used 7449K, capacity 7664K, committed 7680K, reserved 1056768K
  class space    used 961K, capacity 1024K, committed 1024K, reserved 1048576K
}
Event: 1.183 GC heap before
{Heap before GC invocations=4 (full 0):
 PSYoungGen      total 14336K, used 14320K [0x00000000f0580000, 0x00000000f2180000, 0x0000000100000000)
  eden space 12288K, 100% used [0x00000000f0580000,0x00000000f1180000,0x00000000f1180000)
  from space 2048K, 99% used [0x00000000f1180000,0x00000000f137c050,0x00000000f1380000)
  to   space 2048K, 0% used [0x00000000f1f80000,0x00000000f1f80000,0x00000000f2180000)
 ParOldGen       total 32768K, used 2120K [0x00000000d1000000, 0x00000000d3000000, 0x00000000f0580000)
  object space 32768K, 6% used [0x00000000d1000000,0x00000000d1212280,0x00000000d3000000)
 Metaspace       used 8661K, capacity 8912K, committed 8960K, reserved 1056768K
  class space    used 1158K, capacity 1248K, committed 1280K, reserved 1048576K
Event: 1.187 GC heap after
Heap after GC invocations=4 (full 0):
 PSYoungGen      total 26624K, used 2032K [0x00000000f0580000, 0x00000000f2180000, 0x0000000100000000)
  eden space 24576K, 0% used [0x00000000f0580000,0x00000000f0580000,0x00000000f1d80000)
  from space 2048K, 99% used [0x00000000f1f80000,0x00000000f217c030,0x00000000f2180000)
  to   space 2048K, 0% used [0x00000000f1d80000,0x00000000f1d80000,0x00000000f1f80000)
 ParOldGen       total 32768K, used 3373K [0x00000000d1000000, 0x00000000d3000000, 0x00000000f0580000)
  object space 32768K, 10% used [0x00000000d1000000,0x00000000d134b6e0,0x00000000d3000000)
 Metaspace       used 8661K, capacity 8912K, committed 8960K, reserved 1056768K
  class space    used 1158K, capacity 1248K, committed 1280K, reserved 1048576K
}
Event: 1.680 GC heap before
{Heap before GC invocations=5 (full 0):
 PSYoungGen      total 26624K, used 26608K [0x00000000f0580000, 0x00000000f2180000, 0x0000000100000000)
  eden space 24576K, 100% used [0x00000000f0580000,0x00000000f1d80000,0x00000000f1d80000)
  from space 2048K, 99% used [0x00000000f1f80000,0x00000000f217c030,0x00000000f2180000)
  to   space 2048K, 0% used [0x00000000f1d80000,0x00000000f1d80000,0x00000000f1f80000)
 ParOldGen       total 32768K, used 3373K [0x00000000d1000000, 0x00000000d3000000, 0x00000000f0580000)
  object space 32768K, 10% used [0x00000000d1000000,0x00000000d134b6e0,0x00000000d3000000)
 Metaspace       used 13864K, capacity 14032K, committed 14208K, reserved 1060864K
  class space    used 1808K, capacity 1888K, committed 1920K, reserved 1048576K
Event: 1.686 GC heap after
Heap after GC invocations=5 (full 0):
 PSYoungGen      total 26624K, used 2016K [0x00000000f0580000, 0x00000000f4180000, 0x0000000100000000)
  eden space 24576K, 0% used [0x00000000f0580000,0x00000000f0580000,0x00000000f1d80000)
  from space 2048K, 98% used [0x00000000f1d80000,0x00000000f1f78040,0x00000000f1f80000)
  to   space 6144K, 0% used [0x00000000f3b80000,0x00000000f3b80000,0x00000000f4180000)
 ParOldGen       total 32768K, used 7962K [0x00000000d1000000, 0x00000000d3000000, 0x00000000f0580000)
  object space 32768K, 24% used [0x00000000d1000000,0x00000000d17c6a30,0x00000000d3000000)
 Metaspace       used 13864K, capacity 14032K, committed 14208K, reserved 1060864K
  class space    used 1808K, capacity 1888K, committed 1920K, reserved 1048576K
}
Event: 2.108 GC heap before
{Heap before GC invocations=6 (full 0):
 PSYoungGen      total 26624K, used 26592K [0x00000000f0580000, 0x00000000f4180000, 0x0000000100000000)
  eden space 24576K, 100% used [0x00000000f0580000,0x00000000f1d80000,0x00000000f1d80000)
  from space 2048K, 98% used [0x00000000f1d80000,0x00000000f1f78040,0x00000000f1f80000)
  to   space 6144K, 0% used [0x00000000f3b80000,0x00000000f3b80000,0x00000000f4180000)
 ParOldGen       total 32768K, used 7962K [0x00000000d1000000, 0x00000000d3000000, 0x00000000f0580000)
  object space 32768K, 24% used [0x00000000d1000000,0x00000000d17c6a30,0x00000000d3000000)
 Metaspace       used 16344K, capacity 16540K, committed 16640K, reserved 1062912K
  class space    used 2210K, capacity 2275K, committed 2304K, reserved 1048576K
Event: 2.114 GC heap after
Heap after GC invocations=6 (full 0):
 PSYoungGen      total 54784K, used 4693K [0x00000000f0580000, 0x00000000f4280000, 0x0000000100000000)
  eden space 48640K, 0% used [0x00000000f0580000,0x00000000f0580000,0x00000000f3500000)
  from space 6144K, 76% used [0x00000000f3b80000,0x00000000f4015700,0x00000000f4180000)
  to   space 6656K, 0% used [0x00000000f3500000,0x00000000f3500000,0x00000000f3b80000)
 ParOldGen       total 32768K, used 7962K [0x00000000d1000000, 0x00000000d3000000, 0x00000000f0580000)
  object space 32768K, 24% used [0x00000000d1000000,0x00000000d17c6a30,0x00000000d3000000)
 Metaspace       used 16344K, capacity 16540K, committed 16640K, reserved 1062912K
  class space    used 2210K, capacity 2275K, committed 2304K, reserved 1048576K
}
Event: 15.478 GC heap before
{Heap before GC invocations=7 (full 0):
 PSYoungGen      total 54784K, used 53333K [0x00000000f0580000, 0x00000000f4280000, 0x0000000100000000)
  eden space 48640K, 100% used [0x00000000f0580000,0x00000000f3500000,0x00000000f3500000)
  from space 6144K, 76% used [0x00000000f3b80000,0x00000000f4015700,0x00000000f4180000)
  to   space 6656K, 0% used [0x00000000f3500000,0x00000000f3500000,0x00000000f3b80000)
 ParOldGen       total 32768K, used 7962K [0x00000000d1000000, 0x00000000d3000000, 0x00000000f0580000)
  object space 32768K, 24% used [0x00000000d1000000,0x00000000d17c6a30,0x00000000d3000000)
 Metaspace       used 20678K, capacity 20960K, committed 21120K, reserved 1067008K
  class space    used 2786K, capacity 2869K, committed 2944K, reserved 1048576K

